<?xml version="1.0" encoding="UTF-8"?>
<!-- Generated by org.testng.reporters.JUnitReportReporter -->
<testsuite hostname="Mustafa" failures="0" tests="1" name="testCases.LoginTest" time="1.739" errors="0" timestamp="2024-11-26T19:04:58 EST" skipped="0">
  <testcase classname="testCases.LoginTest" name="validateLogin" time="1.739"/>
  <system-out/>
</testsuite> <!-- testCases.LoginTest -->
