<?xml version="1.0" encoding="UTF-8"?>
<!-- Generated by org.testng.reporters.JUnitReportReporter -->
<testsuite hostname="Mustafa" failures="0" tests="1" name="testCases.AccountRegistrationTest" time="2.218" errors="0" timestamp="2024-11-27T19:29:33 EST" skipped="0">
  <testcase classname="testCases.AccountRegistrationTest" name="validateAccountRegistration" time="2.218"/>
  <system-out/>
</testsuite> <!-- testCases.AccountRegistrationTest -->
