<?xml version="1.0" encoding="UTF-8"?>
<!-- Generated by org.testng.reporters.JUnitReportReporter -->
<testsuite hostname="Mustafa" failures="0" tests="3" name="testCases.LoginDDT" time="35.506" errors="0" timestamp="2024-11-26T19:42:06 EST" skipped="0">
  <testcase classname="testCases.LoginDDT" name="validate_loginDDT" time="2.429"/>
  <system-out/>
  <testcase classname="testCases.LoginDDT" name="validate_loginDDT" time="16.227"/>
  <system-out/>
  <testcase classname="testCases.LoginDDT" name="validate_loginDDT" time="16.850"/>
  <system-out/>
</testsuite> <!-- testCases.LoginDDT -->
