<?xml version="1.0" encoding="UTF-8"?>
<!-- Generated by org.testng.reporters.JUnitReportReporter -->
<testsuite hostname="Mustafa" failures="0" tests="3" name="testCases.LoginDDT" time="34.667" errors="0" timestamp="2024-11-27T19:13:41 EST" skipped="0">
  <testcase classname="testCases.LoginDDT" name="validate_loginDDT" time="16.172"/>
  <system-out/>
  <testcase classname="testCases.LoginDDT" name="validate_loginDDT" time="16.220"/>
  <system-out/>
  <testcase classname="testCases.LoginDDT" name="validate_loginDDT" time="2.275"/>
  <system-out/>
</testsuite> <!-- testCases.LoginDDT -->
